<?xml version="1.0" encoding="UTF-8"?>
<testsuite xmlns:xsi="http://www.w3.org/2001/XMLSchema-instance" xsi:noNamespaceSchemaLocation="https://maven.apache.org/surefire/maven-surefire-plugin/xsd/surefire-test-report.xsd" name="fr.espi.backmspr.backmspr.controller.test.UserControllerTest" time="0.416" tests="3" errors="0" skipped="0" failures="3">
  <properties>
[...]
</properties>
  <testcase name="UserTestMake" classname="fr.espi.backmspr.backmspr.controller.test.UserControllerTest" time="0.004">
    <failure message="Status expected:&lt;201&gt; but was:&lt;403&gt;" type="java.lang.AssertionError"><![CDATA[java.lang.AssertionError: Status expected:<201> but was:<403>
	at fr.espi.backmspr.backmspr.controller.test.UserControllerTest.UserTestMake(UserControllerTest.java:63)
]]></failure>
    <system-out><![CDATA[2024-05-21 09:12:02.709  INFO 20392 --- [           main] .b.t.a.w.s.WebMvcTestContextBootstrapper : Neither @ContextConfiguration nor @ContextHierarchy found for test class [fr.espi.backmspr.backmspr.controller.test.UserControllerTest], using SpringBootContextLoader
2024-05-21 09:12:02.709  INFO 20392 --- [           main] o.s.t.c.support.AbstractContextLoader    : Could not detect default resource locations for test class [fr.espi.backmspr.backmspr.controller.test.UserControllerTest]: no resource found for suffixes {-context.xml, Context.groovy}.
2024-05-21 09:12:02.709  INFO 20392 --- [           main] t.c.s.AnnotationConfigContextLoaderUtils : Could not detect default configuration classes for test class [fr.espi.backmspr.backmspr.controller.test.UserControllerTest]: UserControllerTest does not declare any static, non-private, non-final, nested classes annotated with @Configuration.
2024-05-21 09:12:02.713  INFO 20392 --- [           main] .b.t.c.SpringBootTestContextBootstrapper : Found @SpringBootConfiguration fr.espi.backmspr.backmspr.Main for test class fr.espi.backmspr.backmspr.controller.test.UserControllerTest
2024-05-21 09:12:02.714  INFO 20392 --- [           main] .b.t.a.w.s.WebMvcTestContextBootstrapper : Loaded default TestExecutionListener class names from location [META-INF/spring.factories]: [org.springframework.boot.test.mock.mockito.MockitoTestExecutionListener, org.springframework.boot.test.mock.mockito.ResetMocksTestExecutionListener, org.springframework.boot.test.autoconfigure.restdocs.RestDocsTestExecutionListener, org.springframework.boot.test.autoconfigure.web.client.MockRestServiceServerResetTestExecutionListener, org.springframework.boot.test.autoconfigure.web.servlet.MockMvcPrintOnlyOnFailureTestExecutionListener, org.springframework.boot.test.autoconfigure.web.servlet.WebDriverTestExecutionListener, org.springframework.boot.test.autoconfigure.webservices.client.MockWebServiceServerTestExecutionListener, org.springframework.test.context.web.ServletTestExecutionListener, org.springframework.test.context.support.DirtiesContextBeforeModesTestExecutionListener, org.springframework.test.context.event.ApplicationEventsTestExecutionListener, org.springframework.test.context.support.DependencyInjectionTestExecutionListener, org.springframework.test.context.support.DirtiesContextTestExecutionListener, org.springframework.test.context.transaction.TransactionalTestExecutionListener, org.springframework.test.context.jdbc.SqlScriptsTestExecutionListener, org.springframework.test.context.event.EventPublishingTestExecutionListener]
2024-05-21 09:12:02.714  INFO 20392 --- [           main] .b.t.a.w.s.WebMvcTestContextBootstrapper : Using TestExecutionListeners: [org.springframework.test.context.web.ServletTestExecutionListener@25fa6889, org.springframework.test.context.support.DirtiesContextBeforeModesTestExecutionListener@1de73d37, org.springframework.test.context.event.ApplicationEventsTestExecutionListener@31693a86, org.springframework.boot.test.mock.mockito.MockitoTestExecutionListener@69d2e517, org.springframework.boot.test.autoconfigure.SpringBootDependencyInjectionTestExecutionListener@1f9a7684, org.springframework.test.context.support.DirtiesContextTestExecutionListener@3b30eec5, org.springframework.test.context.transaction.TransactionalTestExecutionListener@43755e2f, org.springframework.test.context.jdbc.SqlScriptsTestExecutionListener@3d71e10b, org.springframework.test.context.event.EventPublishingTestExecutionListener@71139e77, org.springframework.boot.test.mock.mockito.ResetMocksTestExecutionListener@4de91056, org.springframework.boot.test.autoconfigure.restdocs.RestDocsTestExecutionListener@2404abe2, org.springframework.boot.test.autoconfigure.web.client.MockRestServiceServerResetTestExecutionListener@16cf7fd0, org.springframework.boot.test.autoconfigure.web.servlet.MockMvcPrintOnlyOnFailureTestExecutionListener@7bc2bb58, org.springframework.boot.test.autoconfigure.web.servlet.WebDriverTestExecutionListener@7e2c6fd6, org.springframework.boot.test.autoconfigure.webservices.client.MockWebServiceServerTestExecutionListener@7ff6804a]

  .   ____          _            __ _ _
 /\\ / ___'_ __ _ _(_)_ __  __ _ \ \ \ \
( ( )\___ | '_ | '_| | '_ \/ _` | \ \ \ \
 \\/  ___)| |_)| | | | | || (_| |  ) ) ) )
  '  |____| .__|_| |_|_| |_\__, | / / / /
 =========|_|==============|___/=/_/_/_/
 :: Spring Boot ::                (v2.7.4)

2024-05-21 09:12:02.730  INFO 20392 --- [           main] f.e.b.b.c.test.UserControllerTest        : Starting UserControllerTest using Java 17.0.11 on LAPTOP-0JCJAK8D with PID 20392 (started by Maxence in C:\Users\Maxence\Documents\workspace\backmspr)
2024-05-21 09:12:02.730  INFO 20392 --- [           main] f.e.b.b.c.test.UserControllerTest        : No active profile set, falling back to 1 default profile: "default"
2024-05-21 09:12:03.020  WARN 20392 --- [           main] .s.s.UserDetailsServiceAutoConfiguration : 

Using generated security password: c3d5826d-8a67-432d-8508-0d9e6091ac2b

This generated password is for development use only. Your security configuration must be updated before running your application in production.

2024-05-21 09:12:03.068  INFO 20392 --- [           main] o.s.s.web.DefaultSecurityFilterChain     : Will secure any request with [org.springframework.security.web.session.DisableEncodeUrlFilter@16e907b6, org.springframework.security.web.context.request.async.WebAsyncManagerIntegrationFilter@6de610c6, org.springframework.security.web.context.SecurityContextPersistenceFilter@3ea84e01, org.springframework.security.web.header.HeaderWriterFilter@7645b7d, org.springframework.security.web.csrf.CsrfFilter@1b8d20e6, org.springframework.security.web.authentication.logout.LogoutFilter@5a1a20ae, org.springframework.security.web.authentication.UsernamePasswordAuthenticationFilter@78d6c244, org.springframework.security.web.authentication.ui.DefaultLoginPageGeneratingFilter@75a226ea, org.springframework.security.web.authentication.ui.DefaultLogoutPageGeneratingFilter@23ec2bdc, org.springframework.security.web.authentication.www.BasicAuthenticationFilter@448086ab, org.springframework.security.web.savedrequest.RequestCacheAwareFilter@1a4930cf, org.springframework.security.web.servletapi.SecurityContextHolderAwareRequestFilter@3fd33f48, org.springframework.security.web.authentication.AnonymousAuthenticationFilter@631944d4, org.springframework.security.web.session.SessionManagementFilter@4c50cd7d, org.springframework.security.web.access.ExceptionTranslationFilter@e49437, org.springframework.security.web.access.intercept.FilterSecurityInterceptor@2ffa91dc]
2024-05-21 09:12:03.094  INFO 20392 --- [           main] o.s.b.t.m.w.SpringBootMockServletContext : Initializing Spring TestDispatcherServlet ''
2024-05-21 09:12:03.095  INFO 20392 --- [           main] o.s.t.web.servlet.TestDispatcherServlet  : Initializing Servlet ''
2024-05-21 09:12:03.095  INFO 20392 --- [           main] o.s.t.web.servlet.TestDispatcherServlet  : Completed initialization in 0 ms
2024-05-21 09:12:03.102  INFO 20392 --- [           main] f.e.b.b.c.test.UserControllerTest        : Started UserControllerTest in 0.387 seconds (JVM running for 4.11)

MockHttpServletRequest:
      HTTP Method = POST
      Request URI = /users/make
       Parameters = {}
          Headers = [Content-Type:"application/json;charset=UTF-8", Accept:"application/json", Content-Length:"27"]
             Body = {"user":"user","mdp":"mdp"}
    Session Attrs = {org.springframework.security.web.csrf.HttpSessionCsrfTokenRepository.CSRF_TOKEN=org.springframework.security.web.csrf.DefaultCsrfToken@302da330}

Handler:
             Type = null

Async:
    Async started = false
     Async result = null

Resolved Exception:
             Type = null

ModelAndView:
        View name = null
             View = null
            Model = null

FlashMap:
       Attributes = null

MockHttpServletResponse:
           Status = 403
    Error message = Forbidden
          Headers = [X-Content-Type-Options:"nosniff", X-XSS-Protection:"1; mode=block", Cache-Control:"no-cache, no-store, max-age=0, must-revalidate", Pragma:"no-cache", Expires:"0", X-Frame-Options:"DENY"]
     Content type = null
             Body = 
    Forwarded URL = null
   Redirected URL = null
          Cookies = []
]]></system-out>
  </testcase>
  <testcase name="loginTest" classname="fr.espi.backmspr.backmspr.controller.test.UserControllerTest" time="0.011">
    <failure message="Response content expected:&lt;true&gt; but was:&lt;&gt;" type="java.lang.AssertionError"><![CDATA[java.lang.AssertionError: Response content expected:<true> but was:<>
	at fr.espi.backmspr.backmspr.controller.test.UserControllerTest.loginTest(UserControllerTest.java:78)
]]></failure>
    <system-out><![CDATA[
MockHttpServletRequest:
      HTTP Method = GET
      Request URI = /users/login
       Parameters = {user=[user], mdp=[mdp]}
          Headers = [Content-Type:"application/json;charset=UTF-8", Content-Length:"27"]
             Body = {"user":"user","mdp":"mdp"}
    Session Attrs = {SPRING_SECURITY_SAVED_REQUEST=DefaultSavedRequest [http://localhost/users/login]}

Handler:
             Type = null

Async:
    Async started = false
     Async result = null

Resolved Exception:
             Type = null

ModelAndView:
        View name = null
             View = null
            Model = null

FlashMap:
       Attributes = null

MockHttpServletResponse:
           Status = 401
    Error message = Unauthorized
          Headers = [WWW-Authenticate:"Basic realm="Realm"", X-Content-Type-Options:"nosniff", X-XSS-Protection:"1; mode=block", Cache-Control:"no-cache, no-store, max-age=0, must-revalidate", Pragma:"no-cache", Expires:"0", X-Frame-Options:"DENY"]
     Content type = null
             Body = 
    Forwarded URL = null
   Redirected URL = null
          Cookies = []
]]></system-out>
  </testcase>
  <testcase name="getAllUserTest" classname="fr.espi.backmspr.backmspr.controller.test.UserControllerTest" time="0.005">
    <failure message="Status expected:&lt;200&gt; but was:&lt;401&gt;" type="java.lang.AssertionError"><![CDATA[java.lang.AssertionError: Status expected:<200> but was:<401>
	at fr.espi.backmspr.backmspr.controller.test.UserControllerTest.getAllUserTest(UserControllerTest.java:47)
]]></failure>
    <system-out><![CDATA[
MockHttpServletRequest:
      HTTP Method = GET
      Request URI = /users
       Parameters = {}
          Headers = []
             Body = null
    Session Attrs = {SPRING_SECURITY_SAVED_REQUEST=DefaultSavedRequest [http://localhost/users]}

Handler:
             Type = null

Async:
    Async started = false
     Async result = null

Resolved Exception:
             Type = null

ModelAndView:
        View name = null
             View = null
            Model = null

FlashMap:
       Attributes = null

MockHttpServletResponse:
           Status = 401
    Error message = Unauthorized
          Headers = [WWW-Authenticate:"Basic realm="Realm"", X-Content-Type-Options:"nosniff", X-XSS-Protection:"1; mode=block", Cache-Control:"no-cache, no-store, max-age=0, must-revalidate", Pragma:"no-cache", Expires:"0", X-Frame-Options:"DENY"]
     Content type = null
             Body = 
    Forwarded URL = null
   Redirected URL = null
          Cookies = []

MockHttpServletRequest:
      HTTP Method = GET
      Request URI = /users
       Parameters = {}
          Headers = []
             Body = null
    Session Attrs = {SPRING_SECURITY_SAVED_REQUEST=DefaultSavedRequest [http://localhost/users]}

Handler:
             Type = null

Async:
    Async started = false
     Async result = null

Resolved Exception:
             Type = null

ModelAndView:
        View name = null
             View = null
            Model = null

FlashMap:
       Attributes = null

MockHttpServletResponse:
           Status = 401
    Error message = Unauthorized
          Headers = [WWW-Authenticate:"Basic realm="Realm"", X-Content-Type-Options:"nosniff", X-XSS-Protection:"1; mode=block", Cache-Control:"no-cache, no-store, max-age=0, must-revalidate", Pragma:"no-cache", Expires:"0", X-Frame-Options:"DENY"]
     Content type = null
             Body = 
    Forwarded URL = null
   Redirected URL = null
          Cookies = []
]]></system-out>
  </testcase>
</testsuite>